<?xml version="1.0" encoding="UTF-8"?>
<!-- Generated by org.testng.reporters.JUnitReportReporter -->
<testsuite hostname="WeattachTechnologies" failures="0" tests="1" name="scripts.Extent_report" time="0.470" errors="0" timestamp="2021-02-20T22:40:40 IST" skipped="0">
  <testcase classname="scripts.Extent_report" name="ext_report" time="0.470"/>
  <system-out/>
</testsuite> <!-- scripts.Extent_report -->
