<?xml version="1.0" encoding="UTF-8"?>
<!-- Generated by org.testng.reporters.JUnitReportReporter -->
<testsuite hostname="WeattachTechnologies" failures="0" tests="2" name="scripts.Test_Login_Page" time="28.047" errors="0" timestamp="2021-02-20T23:43:12 IST" skipped="0">
  <testcase classname="scripts.Test_Login_Page" name="login" time="12.333"/>
  <system-out/>
  <testcase classname="scripts.Test_Login_Page" name="login" time="15.714"/>
  <system-out/>
</testsuite> <!-- scripts.Test_Login_Page -->
