<?xml version="1.0" encoding="UTF-8"?>
<!-- Generated by org.testng.reporters.JUnitReportReporter -->
<testsuite hostname="WeattachTechnologies" failures="0" tests="1" name="scripts.PropertyFile" time="0.010" errors="0" timestamp="2021-02-20T20:21:45 IST" skipped="0">
  <testcase classname="scripts.PropertyFile" name="property" time="0.010"/>
  <system-out/>
</testsuite> <!-- scripts.PropertyFile -->
