<?xml version="1.0" encoding="UTF-8"?>
<!-- Generated by org.testng.reporters.JUnitReportReporter -->
<testsuite hostname="WeattachTechnologies" failures="0" tests="2" name="scripts.ParallelTesting" time="13.731" errors="0" timestamp="2021-02-20T18:30:14 IST" skipped="0">
  <testcase classname="scripts.ParallelTesting" name="Test1" time="4.495"/>
  <system-out/>
  <testcase classname="scripts.ParallelTesting" name="Test2" time="9.236"/>
  <system-out/>
</testsuite> <!-- scripts.ParallelTesting -->
